2025-05-23 19:14:12 INFO  c.s.employee2.Employee2Application - Starting Employee2Application using Java 21.0.5 with PID 15656 (T:\Signimus\employee2\target\classes started by Premprakash in T:\Signimus\employee2)
2025-05-23 19:14:12 INFO  c.s.employee2.Employee2Application - No active profile set, falling back to 1 default profile: "default"
2025-05-23 19:14:12 INFO  o.s.b.d.e.DevToolsPropertyDefaultsPostProcessor - Devtools property defaults active! Set 'spring.devtools.add-properties' to 'false' to disable
2025-05-23 19:14:12 INFO  o.s.b.d.e.DevToolsPropertyDefaultsPostProcessor - For additional web related logging consider setting the 'logging.level.web' property to 'DEBUG'
2025-05-23 19:14:13 INFO  o.s.d.r.c.RepositoryConfigurationDelegate - Bootstrapping Spring Data JPA repositories in DEFAULT mode.
2025-05-23 19:14:13 INFO  o.s.d.r.c.RepositoryConfigurationDelegate - Finished Spring Data repository scanning in 80 ms. Found 1 JPA repository interface.
2025-05-23 19:14:13 INFO  o.s.b.w.e.tomcat.TomcatWebServer - Tomcat initialized with port 8080 (http)
2025-05-23 19:14:13 INFO  o.a.coyote.http11.Http11NioProtocol - Initializing ProtocolHandler ["http-nio-8080"]
2025-05-23 19:14:13 INFO  o.a.catalina.core.StandardService - Starting service [Tomcat]
2025-05-23 19:14:13 INFO  o.a.catalina.core.StandardEngine - Starting Servlet engine: [Apache Tomcat/10.1.41]
2025-05-23 19:14:14 INFO  o.a.c.c.C.[Tomcat].[localhost].[/] - Initializing Spring embedded WebApplicationContext
2025-05-23 19:14:14 INFO  o.s.b.w.s.c.ServletWebServerApplicationContext - Root WebApplicationContext: initialization completed in 1901 ms
2025-05-23 19:14:14 INFO  o.h.jpa.internal.util.LogHelper - HHH000204: Processing PersistenceUnitInfo [name: default]
2025-05-23 19:14:14 INFO  org.hibernate.Version - HHH000412: Hibernate ORM core version 6.6.15.Final
2025-05-23 19:14:14 INFO  o.h.c.i.RegionFactoryInitiator - HHH000026: Second-level cache disabled
2025-05-23 19:14:14 INFO  o.s.o.j.p.SpringPersistenceUnitInfo - No LoadTimeWeaver setup: ignoring JPA class transformer
2025-05-23 19:14:14 INFO  com.zaxxer.hikari.HikariDataSource - HikariPool-1 - Starting...
2025-05-23 19:14:15 INFO  com.zaxxer.hikari.pool.HikariPool - HikariPool-1 - Added connection com.mysql.cj.jdbc.ConnectionImpl@49577d35
2025-05-23 19:14:15 INFO  com.zaxxer.hikari.HikariDataSource - HikariPool-1 - Start completed.
2025-05-23 19:14:15 WARN  org.hibernate.orm.deprecation - HHH90000025: MySQL8Dialect does not need to be specified explicitly using 'hibernate.dialect' (remove the property setting and it will be selected by default)
2025-05-23 19:14:15 WARN  org.hibernate.orm.deprecation - HHH90000026: MySQL8Dialect has been deprecated; use org.hibernate.dialect.MySQLDialect instead
2025-05-23 19:14:15 INFO  o.hibernate.orm.connections.pooling - HHH10001005: Database info:
	Database JDBC URL [Connecting through datasource 'HikariDataSource (HikariPool-1)']
	Database driver: undefined/unknown
	Database version: 8.0
	Autocommit mode: undefined/unknown
	Isolation level: undefined/unknown
	Minimum pool size: undefined/unknown
	Maximum pool size: undefined/unknown
2025-05-23 19:14:16 INFO  o.h.e.t.j.p.i.JtaPlatformInitiator - HHH000489: No JTA platform available (set 'hibernate.transaction.jta.platform' to enable JTA platform integration)
2025-05-23 19:14:16 DEBUG org.hibernate.SQL - drop table if exists users
2025-05-23 19:14:16 DEBUG org.hibernate.SQL - create table users (age integer not null, created_at datetime(6), id bigint not null auto_increment, email varchar(255) not null, first_name varchar(255) not null, last_name varchar(255) not null, password varchar(255) not null, role enum ('ADMIN','EMPLOYEE','Hr','MANAGER') not null, primary key (id)) engine=InnoDB
2025-05-23 19:14:16 DEBUG org.hibernate.SQL - alter table users add constraint UK6dotkott2kjsp8vw4d0m25fb7 unique (email)
2025-05-23 19:14:16 INFO  o.s.o.j.LocalContainerEntityManagerFactoryBean - Initialized JPA EntityManagerFactory for persistence unit 'default'
2025-05-23 19:14:17 WARN  o.s.b.a.o.j.JpaBaseConfiguration$JpaWebConfiguration - spring.jpa.open-in-view is enabled by default. Therefore, database queries may be performed during view rendering. Explicitly configure spring.jpa.open-in-view to disable this warning
2025-05-23 19:14:17 INFO  o.s.b.d.a.OptionalLiveReloadServer - LiveReload server is running on port 35729
2025-05-23 19:14:17 INFO  o.a.coyote.http11.Http11NioProtocol - Starting ProtocolHandler ["http-nio-8080"]
2025-05-23 19:14:17 INFO  o.s.b.w.e.tomcat.TomcatWebServer - Tomcat started on port 8080 (http) with context path '/'
2025-05-23 19:14:17 INFO  c.s.employee2.Employee2Application - Started Employee2Application in 6.264 seconds (process running for 6.911)
2025-05-23 19:15:12 INFO  o.a.c.c.C.[Tomcat].[localhost].[/] - Initializing Spring DispatcherServlet 'dispatcherServlet'
2025-05-23 19:15:12 INFO  o.s.web.servlet.DispatcherServlet - Initializing Servlet 'dispatcherServlet'
2025-05-23 19:15:12 INFO  o.s.web.servlet.DispatcherServlet - Completed initialization in 3 ms
2025-05-23 19:15:12 INFO  c.s.e.Controller.EmployeeController - Fetching all employees
2025-05-23 19:15:12 INFO  c.s.e.Service.UserServiceImpl - Fetching all users
2025-05-23 19:15:13 DEBUG org.hibernate.SQL - select u1_0.id,u1_0.age,u1_0.created_at,u1_0.email,u1_0.first_name,u1_0.last_name,u1_0.password,u1_0.role from users u1_0
2025-05-23 19:15:43 INFO  c.s.e.Controller.EmployeeController - Fetching employee with id: 20
2025-05-23 19:15:43 INFO  c.s.e.Service.UserServiceImpl - Fetching user with id 20
2025-05-23 19:15:43 DEBUG org.hibernate.SQL - select u1_0.id,u1_0.age,u1_0.created_at,u1_0.email,u1_0.first_name,u1_0.last_name,u1_0.password,u1_0.role from users u1_0 where u1_0.id=?
2025-05-23 19:15:43 ERROR c.s.e.E.GlobalExceptionHandler - User not found exception occurred: User with id 20 not found
2025-05-23 19:15:43 WARN  o.s.w.s.m.m.a.ExceptionHandlerExceptionResolver - Resolved [com.signimus.employee2.Exception.CustomException$UserNotFoundException: User with id 20 not found]
2025-05-23 19:18:37 INFO  c.s.e.Controller.EmployeeController - Creating new employee with email: prem123@gmail.com
2025-05-23 19:18:37 INFO  c.s.e.Service.UserServiceImpl - Creating user User(id=null, firstName=prem, lastName=yadav, email=prem123@gmail.com, password=test123, role=Hr, age=24, createdAt=null)
2025-05-23 19:18:37 DEBUG org.hibernate.SQL - select u1_0.id from users u1_0 where u1_0.email=? limit ?
2025-05-23 19:18:37 INFO  c.s.e.Service.UserServiceImpl - Saving user User(id=null, firstName=prem, lastName=yadav, email=prem123@gmail.com, password=test123, role=Hr, age=24, createdAt=null)
2025-05-23 19:18:37 DEBUG org.hibernate.SQL - insert into users (age,created_at,email,first_name,last_name,password,role) values (?,?,?,?,?,?,?)
2025-05-23 19:18:37 INFO  c.s.e.Controller.EmployeeController - Successfully created employee with id: 1
2025-05-23 19:18:42 INFO  c.s.e.Controller.EmployeeController - Creating new employee with email: prem123@gmail.com
2025-05-23 19:18:42 INFO  c.s.e.Service.UserServiceImpl - Creating user User(id=null, firstName=prem, lastName=yadav, email=prem123@gmail.com, password=test123, role=Hr, age=24, createdAt=null)
2025-05-23 19:18:42 DEBUG org.hibernate.SQL - select u1_0.id from users u1_0 where u1_0.email=? limit ?
2025-05-23 19:18:42 ERROR c.s.e.Service.UserServiceImpl - User with email prem123@gmail.com already exists
2025-05-23 19:18:42 ERROR c.s.e.E.GlobalExceptionHandler - User already exists exception occurred: User with email prem123@gmail.com already exists
2025-05-23 19:18:42 WARN  o.s.w.s.m.m.a.ExceptionHandlerExceptionResolver - Resolved [com.signimus.employee2.Exception.CustomException$UserAlreadyExistsException: User with email prem123@gmail.com already exists]
2025-05-23 19:19:00 INFO  c.s.e.Controller.EmployeeController - Fetching all employees
2025-05-23 19:19:00 INFO  c.s.e.Service.UserServiceImpl - Fetching all users
2025-05-23 19:19:00 DEBUG org.hibernate.SQL - select u1_0.id,u1_0.age,u1_0.created_at,u1_0.email,u1_0.first_name,u1_0.last_name,u1_0.password,u1_0.role from users u1_0
2025-05-23 19:19:09 INFO  c.s.e.Controller.EmployeeController - Fetching employee with id: 1
2025-05-23 19:19:09 INFO  c.s.e.Service.UserServiceImpl - Fetching user with id 1
2025-05-23 19:19:09 DEBUG org.hibernate.SQL - select u1_0.id,u1_0.age,u1_0.created_at,u1_0.email,u1_0.first_name,u1_0.last_name,u1_0.password,u1_0.role from users u1_0 where u1_0.id=?
2025-05-23 19:19:14 INFO  c.s.e.Controller.EmployeeController - Fetching employee with id: 2
2025-05-23 19:19:14 INFO  c.s.e.Service.UserServiceImpl - Fetching user with id 2
2025-05-23 19:19:14 DEBUG org.hibernate.SQL - select u1_0.id,u1_0.age,u1_0.created_at,u1_0.email,u1_0.first_name,u1_0.last_name,u1_0.password,u1_0.role from users u1_0 where u1_0.id=?
2025-05-23 19:19:14 ERROR c.s.e.E.GlobalExceptionHandler - User not found exception occurred: User with id 2 not found
2025-05-23 19:19:14 WARN  o.s.w.s.m.m.a.ExceptionHandlerExceptionResolver - Resolved [com.signimus.employee2.Exception.CustomException$UserNotFoundException: User with id 2 not found]
2025-05-23 19:24:21 INFO  c.s.e.Controller.EmployeeController - Creating batch of 10 employees
2025-05-23 19:24:21 INFO  c.s.e.Service.UserServiceImpl - Creating 10 users
2025-05-23 19:24:21 DEBUG org.hibernate.SQL - select u1_0.id from users u1_0 where u1_0.email=? limit ?
2025-05-23 19:24:21 DEBUG org.hibernate.SQL - select u1_0.id from users u1_0 where u1_0.email=? limit ?
2025-05-23 19:24:21 DEBUG org.hibernate.SQL - select u1_0.id from users u1_0 where u1_0.email=? limit ?
2025-05-23 19:24:21 DEBUG org.hibernate.SQL - select u1_0.id from users u1_0 where u1_0.email=? limit ?
2025-05-23 19:24:21 DEBUG org.hibernate.SQL - select u1_0.id from users u1_0 where u1_0.email=? limit ?
2025-05-23 19:24:21 DEBUG org.hibernate.SQL - select u1_0.id from users u1_0 where u1_0.email=? limit ?
2025-05-23 19:24:21 DEBUG org.hibernate.SQL - select u1_0.id from users u1_0 where u1_0.email=? limit ?
2025-05-23 19:24:21 DEBUG org.hibernate.SQL - select u1_0.id from users u1_0 where u1_0.email=? limit ?
2025-05-23 19:24:21 DEBUG org.hibernate.SQL - select u1_0.id from users u1_0 where u1_0.email=? limit ?
2025-05-23 19:24:21 DEBUG org.hibernate.SQL - select u1_0.id from users u1_0 where u1_0.email=? limit ?
2025-05-23 19:24:21 INFO  c.s.e.Service.UserServiceImpl - Saving 10 users
2025-05-23 19:24:21 DEBUG org.hibernate.SQL - insert into users (age,created_at,email,first_name,last_name,password,role) values (?,?,?,?,?,?,?)
2025-05-23 19:24:21 DEBUG org.hibernate.SQL - insert into users (age,created_at,email,first_name,last_name,password,role) values (?,?,?,?,?,?,?)
2025-05-23 19:24:21 DEBUG org.hibernate.SQL - insert into users (age,created_at,email,first_name,last_name,password,role) values (?,?,?,?,?,?,?)
2025-05-23 19:24:21 DEBUG org.hibernate.SQL - insert into users (age,created_at,email,first_name,last_name,password,role) values (?,?,?,?,?,?,?)
2025-05-23 19:24:21 DEBUG org.hibernate.SQL - insert into users (age,created_at,email,first_name,last_name,password,role) values (?,?,?,?,?,?,?)
2025-05-23 19:24:22 DEBUG org.hibernate.SQL - insert into users (age,created_at,email,first_name,last_name,password,role) values (?,?,?,?,?,?,?)
2025-05-23 19:24:22 DEBUG org.hibernate.SQL - insert into users (age,created_at,email,first_name,last_name,password,role) values (?,?,?,?,?,?,?)
2025-05-23 19:24:22 DEBUG org.hibernate.SQL - insert into users (age,created_at,email,first_name,last_name,password,role) values (?,?,?,?,?,?,?)
2025-05-23 19:24:22 DEBUG org.hibernate.SQL - insert into users (age,created_at,email,first_name,last_name,password,role) values (?,?,?,?,?,?,?)
2025-05-23 19:24:22 DEBUG org.hibernate.SQL - insert into users (age,created_at,email,first_name,last_name,password,role) values (?,?,?,?,?,?,?)
2025-05-23 19:24:22 INFO  c.s.e.Controller.EmployeeController - Successfully created 10 employees in batch
2025-05-23 19:24:36 INFO  c.s.e.Controller.EmployeeController - Fetching all employees
2025-05-23 19:24:36 INFO  c.s.e.Service.UserServiceImpl - Fetching all users
2025-05-23 19:24:36 DEBUG org.hibernate.SQL - select u1_0.id,u1_0.age,u1_0.created_at,u1_0.email,u1_0.first_name,u1_0.last_name,u1_0.password,u1_0.role from users u1_0
2025-05-23 19:25:12 WARN  o.s.w.s.m.s.DefaultHandlerExceptionResolver - Resolved [org.springframework.web.bind.MissingServletRequestParameterException: Required request parameter 'minAge' for method parameter type int is not present]
2025-05-23 19:25:59 INFO  o.s.b.w.e.tomcat.GracefulShutdown - Commencing graceful shutdown. Waiting for active requests to complete
2025-05-23 19:25:59 INFO  o.s.b.w.e.tomcat.GracefulShutdown - Graceful shutdown complete
2025-05-23 19:25:59 INFO  o.s.o.j.LocalContainerEntityManagerFactoryBean - Closing JPA EntityManagerFactory for persistence unit 'default'
2025-05-23 19:25:59 INFO  com.zaxxer.hikari.HikariDataSource - HikariPool-1 - Shutdown initiated...
2025-05-23 19:25:59 INFO  com.zaxxer.hikari.HikariDataSource - HikariPool-1 - Shutdown completed.
